app/build/outputs/logs/manifest-merger-debug-report.txt
-- Merging decision tree log ---
manifest
ADDED from src\main\AndroidManifest.xml:2:1-51:12
INJECTED from src\main\AndroidManifest.xml:2:1-51:12
INJECTED from src\main\AndroidManifest.xml:2:1-51:12
INJECTED from src\main\AndroidManifest.xml:2:1-51:12
INJECTED from src\main\AndroidManifest.xml:2:1-51:12
INJECTED from src\main\AndroidManifest.xml:2:1-51:12
INJECTED from src\main\AndroidManifest.xml:2:1-51:12
	package
		ADDED from src\main\AndroidManifest.xml:3:5-30
		INJECTED from src\main\AndroidManifest.xml
		INJECTED from src\main\AndroidManifest.xml
	android:versionName
		ADDED from src\main\AndroidManifest.xml:7:5-30
		INJECTED from src\main\AndroidManifest.xml
		INJECTED from src\main\AndroidManifest.xml
	xmlns:android
		ADDED from src\main\AndroidManifest.xml:2:11-69
	android:versionCode
		ADDED from src\main\AndroidManifest.xml:6:5-35
		INJECTED from src\main\AndroidManifest.xml
		INJECTED from src\main\AndroidManifest.xml
	android:installLocation
		ADDED from src\main\AndroidManifest.xml:5:5-35
uses-sdk
ADDED from src\main\AndroidManifest.xml:10:5-12:41
INJECTED from src\main\AndroidManifest.xml:10:5-12:41
INJECTED from src\main\AndroidManifest.xml:10:5-12:41
INJECTED from src\main\AndroidManifest.xml:10:5-12:41
INJECTED from src\main\AndroidManifest.xml:10:5-12:41
	android:targetSdkVersion
		ADDED from src\main\AndroidManifest.xml:12:9-38
		INJECTED from src\main\AndroidManifest.xml
		INJECTED from src\main\AndroidManifest.xml
	android:minSdkVersion
		ADDED from src\main\AndroidManifest.xml:11:9-35
		INJECTED from src\main\AndroidManifest.xml
		INJECTED from src\main\AndroidManifest.xml
uses-permission#android.permission.READ_FRAME_BUFFER
ADDED from src\main\AndroidManifest.xml:14:5-75
	android:name
		ADDED from src\main\AndroidManifest.xml:14:22-73
uses-permission#android.permission.WRITE_EXTERNAL_STORAGE
ADDED from src\main\AndroidManifest.xml:15:5-80
	android:name
		ADDED from src\main\AndroidManifest.xml:15:22-78
uses-permission#android.permission.WAKE_LOCK
ADDED from src\main\AndroidManifest.xml:16:5-68
	android:name
		ADDED from src\main\AndroidManifest.xml:16:22-65
uses-permission#android.permission.MODIFY_AUDIO_SETTINGS
ADDED from src\main\AndroidManifest.xml:17:5-80
	android:name
		ADDED from src\main\AndroidManifest.xml:17:22-77
uses-permission#android.permission.WRITE_SETTINGS
ADDED from src\main\AndroidManifest.xml:18:5-73
	android:name
		ADDED from src\main\AndroidManifest.xml:18:22-70
uses-permission#android.permission.MOUNT_UNMOUNT_FILESYSTEMS
ADDED from src\main\AndroidManifest.xml:19:5-84
	android:name
		ADDED from src\main\AndroidManifest.xml:19:22-81
uses-permission#android.permission.MODIFY_PHONE_STATE
ADDED from src\main\AndroidManifest.xml:20:5-77
	android:name
		ADDED from src\main\AndroidManifest.xml:20:22-74
uses-permission#android.permission.WRITE_SECURE_SETTINGS
ADDED from src\main\AndroidManifest.xml:22:5-80
	android:name
		ADDED from src\main\AndroidManifest.xml:22:22-77
uses-permission#android.permission.DEVICE_POWER
ADDED from src\main\AndroidManifest.xml:23:5-71
	android:name
		ADDED from src\main\AndroidManifest.xml:23:22-68
uses-permission#android.permission.UPDATE_DEVICE_STATS
ADDED from src\main\AndroidManifest.xml:24:5-78
	android:name
		ADDED from src\main\AndroidManifest.xml:24:22-75
uses-permission#android.permission.HARDWARE_TEST
ADDED from src\main\AndroidManifest.xml:25:5-72
	android:name
		ADDED from src\main\AndroidManifest.xml:25:22-69
application
ADDED from src\main\AndroidManifest.xml:28:5-49:19
	android:label
		ADDED from src\main\AndroidManifest.xml:30:9-41
	android:icon
		ADDED from src\main\AndroidManifest.xml:29:9-45
activity#com.cfzz.abwsmt.AndroidBatteryWithServiceActivity
ADDED from src\main\AndroidManifest.xml:31:9-40:20
	android:screenOrientation
		ADDED from src\main\AndroidManifest.xml:33:13-49
	android:label
		ADDED from src\main\AndroidManifest.xml:34:13-45
	android:name
		ADDED from src\main\AndroidManifest.xml:32:13-77
intent-filter#android.intent.action.MAIN+android.intent.category.LAUNCHER
ADDED from src\main\AndroidManifest.xml:35:13-39:29
action#android.intent.action.MAIN
ADDED from src\main\AndroidManifest.xml:36:17-69
	android:name
		ADDED from src\main\AndroidManifest.xml:36:25-66
category#android.intent.category.LAUNCHER
ADDED from src\main\AndroidManifest.xml:38:17-77
	android:name
		ADDED from src\main\AndroidManifest.xml:38:27-74
service#com.cfzz.abwsmt.BatteryLogMTKService
ADDED from src\main\AndroidManifest.xml:41:9-48:19
	android:enabled
		ADDED from src\main\AndroidManifest.xml:43:13-35
	android:name
		ADDED from src\main\AndroidManifest.xml:42:13-64
intent-filter#android.intent.action.BatteryLogMTKService+android.intent.category.DEFAULT
ADDED from src\main\AndroidManifest.xml:44:13-47:29
action#android.intent.action.BatteryLogMTKService
ADDED from src\main\AndroidManifest.xml:45:14-82
	android:name
		ADDED from src\main\AndroidManifest.xml:45:22-79
category#android.intent.category.DEFAULT
ADDED from src\main\AndroidManifest.xml:46:14-73
	android:name
		ADDED from src\main\AndroidManifest.xml:46:24-70